{"D:\\RNProjects\\NYTimes\\src\\actions\\ActionTypes.js": {"path":"D:\\RNProjects\\NYTimes\\src\\actions\\ActionTypes.js","statementMap":{"0":{"start":{"line":1,"column":24},"end":{"line":1,"column":39}},"1":{"start":{"line":2,"column":21},"end":{"line":2,"column":39}},"2":{"start":{"line":3,"column":21},"end":{"line":3,"column":39}},"3":{"start":{"line":4,"column":23},"end":{"line":4,"column":39}},"4":{"start":{"line":6,"column":26},"end":{"line":6,"column":38}},"5":{"start":{"line":7,"column":23},"end":{"line":7,"column":38}},"6":{"start":{"line":8,"column":23},"end":{"line":8,"column":38}},"7":{"start":{"line":9,"column":26},"end":{"line":9,"column":40}},"8":{"start":{"line":11,"column":31},"end":{"line":11,"column":50}},"9":{"start":{"line":12,"column":29},"end":{"line":12,"column":49}},"10":{"start":{"line":13,"column":29},"end":{"line":13,"column":46}},"11":{"start":{"line":14,"column":30},"end":{"line":14,"column":48}},"12":{"start":{"line":17,"column":32},"end":{"line":17,"column":52}},"13":{"start":{"line":18,"column":30},"end":{"line":18,"column":48}},"14":{"start":{"line":19,"column":30},"end":{"line":19,"column":48}},"15":{"start":{"line":20,"column":31},"end":{"line":20,"column":50}},"16":{"start":{"line":22,"column":35},"end":{"line":22,"column":58}},"17":{"start":{"line":23,"column":33},"end":{"line":23,"column":57}},"18":{"start":{"line":24,"column":33},"end":{"line":24,"column":54}},"19":{"start":{"line":25,"column":34},"end":{"line":25,"column":56}},"20":{"start":{"line":27,"column":34},"end":{"line":27,"column":56}},"21":{"start":{"line":28,"column":35},"end":{"line":28,"column":58}},"22":{"start":{"line":29,"column":35},"end":{"line":29,"column":58}}},"fnMap":{},"branchMap":{},"s":{"0":3,"1":3,"2":3,"3":3,"4":3,"5":3,"6":3,"7":3,"8":3,"9":3,"10":3,"11":3,"12":3,"13":3,"14":3,"15":3,"16":3,"17":3,"18":3,"19":3,"20":3,"21":3,"22":3},"f":{},"b":{},"_coverageSchema":"1a1c01bbd47fc00a2c39e90264f33305004495a9","hash":"3737a0e11ad78d9f0699905c23eba8232291ed3b"}
,"D:\\RNProjects\\NYTimes\\src\\actions\\index.js": {"path":"D:\\RNProjects\\NYTimes\\src\\actions\\index.js","statementMap":{"0":{"start":{"line":14,"column":25},"end":{"line":19,"column":1}},"1":{"start":{"line":15,"column":2},"end":{"line":18,"column":4}},"2":{"start":{"line":20,"column":30},"end":{"line":24,"column":1}},"3":{"start":{"line":21,"column":2},"end":{"line":23,"column":4}},"4":{"start":{"line":26,"column":27},"end":{"line":31,"column":1}},"5":{"start":{"line":27,"column":2},"end":{"line":30,"column":4}},"6":{"start":{"line":32,"column":32},"end":{"line":36,"column":1}},"7":{"start":{"line":33,"column":2},"end":{"line":35,"column":4}},"8":{"start":{"line":38,"column":31},"end":{"line":43,"column":1}},"9":{"start":{"line":39,"column":2},"end":{"line":42,"column":4}},"10":{"start":{"line":44,"column":31},"end":{"line":48,"column":1}},"11":{"start":{"line":45,"column":2},"end":{"line":47,"column":4}},"12":{"start":{"line":50,"column":37},"end":{"line":56,"column":1}},"13":{"start":{"line":52,"column":2},"end":{"line":55,"column":4}},"14":{"start":{"line":57,"column":37},"end":{"line":61,"column":1}},"15":{"start":{"line":58,"column":2},"end":{"line":60,"column":4}},"16":{"start":{"line":63,"column":34},"end":{"line":68,"column":3}},"17":{"start":{"line":64,"column":4},"end":{"line":67,"column":6}},"18":{"start":{"line":69,"column":36},"end":{"line":73,"column":3}},"19":{"start":{"line":70,"column":4},"end":{"line":72,"column":6}}},"fnMap":{"0":{"name":"(anonymous_0)","decl":{"start":{"line":14,"column":25},"end":{"line":14,"column":26}},"loc":{"start":{"line":14,"column":42},"end":{"line":19,"column":1}},"line":14},"1":{"name":"(anonymous_1)","decl":{"start":{"line":20,"column":30},"end":{"line":20,"column":31}},"loc":{"start":{"line":20,"column":36},"end":{"line":24,"column":1}},"line":20},"2":{"name":"(anonymous_2)","decl":{"start":{"line":26,"column":27},"end":{"line":26,"column":28}},"loc":{"start":{"line":26,"column":44},"end":{"line":31,"column":1}},"line":26},"3":{"name":"(anonymous_3)","decl":{"start":{"line":32,"column":32},"end":{"line":32,"column":33}},"loc":{"start":{"line":32,"column":38},"end":{"line":36,"column":1}},"line":32},"4":{"name":"(anonymous_4)","decl":{"start":{"line":38,"column":31},"end":{"line":38,"column":32}},"loc":{"start":{"line":38,"column":47},"end":{"line":43,"column":1}},"line":38},"5":{"name":"(anonymous_5)","decl":{"start":{"line":44,"column":31},"end":{"line":44,"column":32}},"loc":{"start":{"line":44,"column":37},"end":{"line":48,"column":1}},"line":44},"6":{"name":"(anonymous_6)","decl":{"start":{"line":50,"column":37},"end":{"line":50,"column":38}},"loc":{"start":{"line":50,"column":55},"end":{"line":56,"column":1}},"line":50},"7":{"name":"(anonymous_7)","decl":{"start":{"line":57,"column":37},"end":{"line":57,"column":38}},"loc":{"start":{"line":57,"column":43},"end":{"line":61,"column":1}},"line":57},"8":{"name":"(anonymous_8)","decl":{"start":{"line":63,"column":34},"end":{"line":63,"column":35}},"loc":{"start":{"line":63,"column":53},"end":{"line":68,"column":3}},"line":63},"9":{"name":"(anonymous_9)","decl":{"start":{"line":69,"column":36},"end":{"line":69,"column":37}},"loc":{"start":{"line":69,"column":42},"end":{"line":73,"column":3}},"line":69}},"branchMap":{},"s":{"0":2,"1":0,"2":2,"3":0,"4":2,"5":1,"6":2,"7":0,"8":2,"9":0,"10":2,"11":0,"12":2,"13":0,"14":2,"15":0,"16":2,"17":0,"18":2,"19":0},"f":{"0":0,"1":0,"2":1,"3":0,"4":0,"5":0,"6":0,"7":0,"8":0,"9":0},"b":{},"_coverageSchema":"1a1c01bbd47fc00a2c39e90264f33305004495a9","hash":"8d3f40217caeb79a273536dd4393a718c056e748"}
,"D:\\RNProjects\\NYTimes\\src\\reducers\\loginReducer.js": {"path":"D:\\RNProjects\\NYTimes\\src\\reducers\\loginReducer.js","statementMap":{"0":{"start":{"line":8,"column":21},"end":{"line":13,"column":1}},"1":{"start":{"line":15,"column":21},"end":{"line":49,"column":1}},"2":{"start":{"line":16,"column":2},"end":{"line":48,"column":3}},"3":{"start":{"line":18,"column":6},"end":{"line":21,"column":8}},"4":{"start":{"line":23,"column":6},"end":{"line":29,"column":8}},"5":{"start":{"line":31,"column":6},"end":{"line":37,"column":8}},"6":{"start":{"line":39,"column":6},"end":{"line":45,"column":8}},"7":{"start":{"line":47,"column":6},"end":{"line":47,"column":19}}},"fnMap":{"0":{"name":"(anonymous_0)","decl":{"start":{"line":15,"column":21},"end":{"line":15,"column":22}},"loc":{"start":{"line":15,"column":55},"end":{"line":49,"column":1}},"line":15}},"branchMap":{"0":{"loc":{"start":{"line":15,"column":22},"end":{"line":15,"column":42}},"type":"default-arg","locations":[{"start":{"line":15,"column":30},"end":{"line":15,"column":42}}],"line":15},"1":{"loc":{"start":{"line":16,"column":2},"end":{"line":48,"column":3}},"type":"switch","locations":[{"start":{"line":17,"column":4},"end":{"line":21,"column":8}},{"start":{"line":22,"column":4},"end":{"line":29,"column":8}},{"start":{"line":30,"column":4},"end":{"line":37,"column":8}},{"start":{"line":38,"column":4},"end":{"line":45,"column":8}},{"start":{"line":46,"column":4},"end":{"line":47,"column":19}}],"line":16}},"s":{"0":1,"1":1,"2":4,"3":0,"4":1,"5":1,"6":1,"7":1},"f":{"0":4},"b":{"0":[1],"1":[0,1,1,1,1]},"_coverageSchema":"1a1c01bbd47fc00a2c39e90264f33305004495a9","hash":"e2eaff3bbee1be7f8a1288ab88d7cf2a1fcc265f"}
,"D:\\RNProjects\\NYTimes\\src\\screens\\Login.js": {"path":"D:\\RNProjects\\NYTimes\\src\\screens\\Login.js","statementMap":{"0":{"start":{"line":22,"column":4},"end":{"line":22,"column":17}},"1":{"start":{"line":23,"column":4},"end":{"line":26,"column":5}},"2":{"start":{"line":28,"column":29},"end":{"line":31,"column":3}},"3":{"start":{"line":32,"column":16},"end":{"line":34,"column":3}},"4":{"start":{"line":33,"column":4},"end":{"line":33,"column":47}},"5":{"start":{"line":37,"column":4},"end":{"line":112,"column":6}},"6":{"start":{"line":70,"column":16},"end":{"line":70,"column":40}},"7":{"start":{"line":85,"column":16},"end":{"line":85,"column":43}},"8":{"start":{"line":114,"column":15},"end":{"line":119,"column":3}},"9":{"start":{"line":115,"column":4},"end":{"line":118,"column":6}},"10":{"start":{"line":121,"column":4},"end":{"line":123,"column":7}},"11":{"start":{"line":122,"column":6},"end":{"line":122,"column":27}},"12":{"start":{"line":126,"column":4},"end":{"line":126,"column":31}},"13":{"start":{"line":130,"column":15},"end":{"line":196,"column":2}},"14":{"start":{"line":199,"column":24},"end":{"line":206,"column":1}},"15":{"start":{"line":200,"column":2},"end":{"line":205,"column":4}},"16":{"start":{"line":208,"column":27},"end":{"line":217,"column":1}},"17":{"start":{"line":209,"column":2},"end":{"line":216,"column":4}},"18":{"start":{"line":211,"column":6},"end":{"line":211,"column":41}},"19":{"start":{"line":214,"column":6},"end":{"line":214,"column":35}},"20":{"start":{"line":219,"column":23},"end":{"line":219,"column":74}}},"fnMap":{"0":{"name":"(anonymous_0)","decl":{"start":{"line":21,"column":2},"end":{"line":21,"column":3}},"loc":{"start":{"line":21,"column":20},"end":{"line":27,"column":3}},"line":21},"1":{"name":"(anonymous_1)","decl":{"start":{"line":32,"column":16},"end":{"line":32,"column":17}},"loc":{"start":{"line":32,"column":22},"end":{"line":34,"column":3}},"line":32},"2":{"name":"(anonymous_2)","decl":{"start":{"line":36,"column":2},"end":{"line":36,"column":3}},"loc":{"start":{"line":36,"column":11},"end":{"line":113,"column":3}},"line":36},"3":{"name":"(anonymous_3)","decl":{"start":{"line":69,"column":28},"end":{"line":69,"column":29}},"loc":{"start":{"line":69,"column":33},"end":{"line":71,"column":15}},"line":69},"4":{"name":"(anonymous_4)","decl":{"start":{"line":84,"column":28},"end":{"line":84,"column":29}},"loc":{"start":{"line":84,"column":33},"end":{"line":86,"column":15}},"line":84},"5":{"name":"(anonymous_5)","decl":{"start":{"line":114,"column":15},"end":{"line":114,"column":16}},"loc":{"start":{"line":114,"column":19},"end":{"line":119,"column":3}},"line":114},"6":{"name":"(anonymous_6)","decl":{"start":{"line":120,"column":2},"end":{"line":120,"column":3}},"loc":{"start":{"line":120,"column":22},"end":{"line":124,"column":3}},"line":120},"7":{"name":"(anonymous_7)","decl":{"start":{"line":121,"column":69},"end":{"line":121,"column":70}},"loc":{"start":{"line":121,"column":75},"end":{"line":123,"column":5}},"line":121},"8":{"name":"(anonymous_8)","decl":{"start":{"line":125,"column":2},"end":{"line":125,"column":3}},"loc":{"start":{"line":125,"column":25},"end":{"line":127,"column":3}},"line":125},"9":{"name":"(anonymous_9)","decl":{"start":{"line":199,"column":24},"end":{"line":199,"column":25}},"loc":{"start":{"line":199,"column":35},"end":{"line":206,"column":1}},"line":199},"10":{"name":"(anonymous_10)","decl":{"start":{"line":208,"column":27},"end":{"line":208,"column":28}},"loc":{"start":{"line":208,"column":41},"end":{"line":217,"column":1}},"line":208},"11":{"name":"(anonymous_11)","decl":{"start":{"line":210,"column":13},"end":{"line":210,"column":14}},"loc":{"start":{"line":210,"column":30},"end":{"line":212,"column":5}},"line":210},"12":{"name":"(anonymous_12)","decl":{"start":{"line":213,"column":13},"end":{"line":213,"column":14}},"loc":{"start":{"line":213,"column":19},"end":{"line":215,"column":5}},"line":213}},"branchMap":{"0":{"loc":{"start":{"line":89,"column":11},"end":{"line":95,"column":11}},"type":"cond-expr","locations":[{"start":{"line":93,"column":12},"end":{"line":93,"column":55}},{"start":{"line":94,"column":15},"end":{"line":94,"column":73}}],"line":89},"1":{"loc":{"start":{"line":89,"column":11},"end":{"line":92,"column":36}},"type":"binary-expr","locations":[{"start":{"line":89,"column":11},"end":{"line":89,"column":33}},{"start":{"line":90,"column":10},"end":{"line":90,"column":37}},{"start":{"line":91,"column":10},"end":{"line":91,"column":37}},{"start":{"line":92,"column":10},"end":{"line":92,"column":36}}],"line":89}},"s":{"0":0,"1":0,"2":1,"3":0,"4":0,"5":0,"6":0,"7":0,"8":0,"9":0,"10":0,"11":0,"12":0,"13":1,"14":1,"15":0,"16":1,"17":0,"18":0,"19":0,"20":1},"f":{"0":0,"1":0,"2":0,"3":0,"4":0,"5":0,"6":0,"7":0,"8":0,"9":0,"10":0,"11":0,"12":0},"b":{"0":[0,0],"1":[0,0,0,0]},"_coverageSchema":"1a1c01bbd47fc00a2c39e90264f33305004495a9","hash":"22918c0348baf6be0c783877cfcd0e6d6c6bb18c"}
}
