TN:
SF:src\actions\ActionTypes.js
FNF:0
FNH:0
DA:1,3
DA:2,3
DA:3,3
DA:4,3
DA:6,3
DA:7,3
DA:8,3
DA:9,3
DA:11,3
DA:12,3
DA:13,3
DA:14,3
DA:17,3
DA:18,3
DA:19,3
DA:20,3
DA:22,3
DA:23,3
DA:24,3
DA:25,3
DA:27,3
DA:28,3
DA:29,3
LF:23
LH:23
BRF:0
BRH:0
end_of_record
TN:
SF:src\actions\index.js
FN:14,(anonymous_0)
FN:20,(anonymous_1)
FN:26,(anonymous_2)
FN:32,(anonymous_3)
FN:38,(anonymous_4)
FN:44,(anonymous_5)
FN:50,(anonymous_6)
FN:57,(anonymous_7)
FN:63,(anonymous_8)
FN:69,(anonymous_9)
FNF:10
FNH:1
FNDA:0,(anonymous_0)
FNDA:0,(anonymous_1)
FNDA:1,(anonymous_2)
FNDA:0,(anonymous_3)
FNDA:0,(anonymous_4)
FNDA:0,(anonymous_5)
FNDA:0,(anonymous_6)
FNDA:0,(anonymous_7)
FNDA:0,(anonymous_8)
FNDA:0,(anonymous_9)
DA:14,2
DA:15,0
DA:20,2
DA:21,0
DA:26,2
DA:27,1
DA:32,2
DA:33,0
DA:38,2
DA:39,0
DA:44,2
DA:45,0
DA:50,2
DA:52,0
DA:57,2
DA:58,0
DA:63,2
DA:64,0
DA:69,2
DA:70,0
LF:20
LH:11
BRF:0
BRH:0
end_of_record
TN:
SF:src\reducers\loginReducer.js
FN:15,(anonymous_0)
FNF:1
FNH:1
FNDA:4,(anonymous_0)
DA:8,1
DA:15,1
DA:16,4
DA:18,0
DA:23,1
DA:31,1
DA:39,1
DA:47,1
LF:8
LH:7
BRDA:15,0,0,1
BRDA:16,1,0,0
BRDA:16,1,1,1
BRDA:16,1,2,1
BRDA:16,1,3,1
BRDA:16,1,4,1
BRF:6
BRH:5
end_of_record
TN:
SF:src\screens\Login.js
FN:21,(anonymous_0)
FN:32,(anonymous_1)
FN:36,(anonymous_2)
FN:69,(anonymous_3)
FN:84,(anonymous_4)
FN:114,(anonymous_5)
FN:120,(anonymous_6)
FN:121,(anonymous_7)
FN:125,(anonymous_8)
FN:199,(anonymous_9)
FN:208,(anonymous_10)
FN:210,(anonymous_11)
FN:213,(anonymous_12)
FNF:13
FNH:0
FNDA:0,(anonymous_0)
FNDA:0,(anonymous_1)
FNDA:0,(anonymous_2)
FNDA:0,(anonymous_3)
FNDA:0,(anonymous_4)
FNDA:0,(anonymous_5)
FNDA:0,(anonymous_6)
FNDA:0,(anonymous_7)
FNDA:0,(anonymous_8)
FNDA:0,(anonymous_9)
FNDA:0,(anonymous_10)
FNDA:0,(anonymous_11)
FNDA:0,(anonymous_12)
DA:22,0
DA:23,0
DA:28,1
DA:32,0
DA:33,0
DA:37,0
DA:70,0
DA:85,0
DA:114,0
DA:115,0
DA:121,0
DA:122,0
DA:126,0
DA:130,1
DA:199,1
DA:200,0
DA:208,1
DA:209,0
DA:211,0
DA:214,0
DA:219,1
LF:21
LH:5
BRDA:89,0,0,0
BRDA:89,0,1,0
BRDA:89,1,0,0
BRDA:89,1,1,0
BRDA:89,1,2,0
BRDA:89,1,3,0
BRF:6
BRH:0
end_of_record
